<?xml version="1.0" encoding="UTF-8" ?>
<testsuite tests="3" failures="1" name="TestSuite" time="0.893" errors="0" skipped="2">
  <properties>
[...]
</properties>
  <testcase classname="com.epam.BaseTest" name="initDriver" time="0.438">
    <failure message="The driver executable does not exist: C:\Users\Priyesh_Kumar\Desktop\TestNGAnnotations\resources\chromedriver.exe" type="java.lang.IllegalStateException">java.lang.IllegalStateException: The driver executable does not exist: C:\Users\Priyesh_Kumar\Desktop\TestNGAnnotations\resources\chromedriver.exe
	at com.google.common.base.Preconditions.checkState(Preconditions.java:585)
	at org.openqa.selenium.remote.service.DriverService.checkExecutable(DriverService.java:146)
	at org.openqa.selenium.remote.service.DriverService.findExecutable(DriverService.java:141)
	at org.openqa.selenium.chrome.ChromeDriverService.access$000(ChromeDriverService.java:35)
	at org.openqa.selenium.chrome.ChromeDriverService$Builder.findDefaultExecutable(ChromeDriverService.java:159)
	at org.openqa.selenium.remote.service.DriverService$Builder.build(DriverService.java:355)
	at org.openqa.selenium.chrome.ChromeDriverService.createDefaultService(ChromeDriverService.java:94)
	at org.openqa.selenium.chrome.ChromeDriver.&lt;init&gt;(ChromeDriver.java:123)
	at com.epam.configurations.WebDriverFactory.getWebDriver(WebDriverFactory.java:13)
	at com.epam.BaseTest.initDriver(BaseTest.java:18)
</failure>
    <system-out>Configuring TestNG with: org.apache.maven.surefire.testng.conf.TestNG652Configurator@3ada9e37
</system-out>
  </testcase>
  <testcase classname="com.epam.HomeTest" name="setUp" time="0.455">
    <skipped/>
  </testcase>
  <testcase classname="com.epam.HomeTest" name="verifyUrl" time="0">
    <skipped/>
  </testcase>
</testsuite>