<?xml version="1.0" encoding="UTF-8"?>
<!-- Generated by org.testng.reporters.JUnitXMLReporter -->
<testsuite hostname="EPINHYDW019A" ignored="1" name="Command line test" tests="1" failures="0" timestamp="2020-10-18T16:07:38 IST" time="0.117" errors="0">
  <testcase name="@BeforeTest initDriver" time="0.086" classname="com.epam.BaseTest">
    <failure type="java.lang.IllegalStateException" message="The driver executable does not exist: C:\Users\Priyesh_Kumar\Desktop\TestNGAnnotations\resources\chromedriver.exe">
      <![CDATA[java.lang.IllegalStateException: The driver executable does not exist: C:\Users\Priyesh_Kumar\Desktop\TestNGAnnotations\resources\chromedriver.exe
at com.google.common.base.Preconditions.checkState(Preconditions.java:585)
at org.openqa.selenium.remote.service.DriverService.checkExecutable(DriverService.java:146)
at org.openqa.selenium.remote.service.DriverService.findExecutable(DriverService.java:141)
at org.openqa.selenium.chrome.ChromeDriverService.access$000(ChromeDriverService.java:35)
at org.openqa.selenium.chrome.ChromeDriverService$Builder.findDefaultExecutable(ChromeDriverService.java:159)
at org.openqa.selenium.remote.service.DriverService$Builder.build(DriverService.java:355)
at org.openqa.selenium.chrome.ChromeDriverService.createDefaultService(ChromeDriverService.java:94)
at org.openqa.selenium.chrome.ChromeDriver.<init>(ChromeDriver.java:123)
at com.epam.configurations.WebDriverFactory.getWebDriver(WebDriverFactory.java:13)
at com.epam.BaseTest.initDriver(BaseTest.java:18)
... Removed 34 stack frames]]>
    </failure>
  </testcase> <!-- @BeforeTest initDriver -->
  <testcase name="@BeforeMethod setUp" time="-1.603017458427E9" classname="com.epam.HomeTest">
    <skipped/>
  </testcase> <!-- @BeforeMethod setUp -->
  <testcase name="verifyUrl" time="0.0" classname="com.epam.HomeTest">
    <skipped/>
  </testcase> <!-- verifyUrl -->
  <testcase name="@BeforeTest initDriver" time="0.0" classname="com.epam.BaseTest">
    <ignored/>
  </testcase> <!-- @BeforeTest initDriver -->
</testsuite> <!-- Command line test -->
